<?xml version="1.0" encoding="UTF-8"?>
<!-- Generated by org.testng.reporters.JUnitReportReporter -->
<testsuite hostname="DESKTOP-DJ47Q0F" failures="0" tests="4" name="tests.UserTests" time="17.726" errors="0" timestamp="2025-09-23T21:42:03 IST" skipped="0">
  <testcase classname="tests.UserTests" name="login" time="0.380"/>
  <testcase classname="tests.UserTests" name="createUser" time="6.688"/>
  <testcase classname="tests.UserTests" name="invalidLogin" time="4.073"/>
  <testcase classname="tests.UserTests" name="getUserDetails" time="6.585"/>
</testsuite> <!-- tests.UserTests -->
