<?xml version="1.0" encoding="UTF-8"?>
<!-- Generated by org.testng.reporters.JUnitReportReporter -->
<testsuite hostname="DESKTOP-DJ47Q0F" failures="0" tests="2" name="tests.UserTests" time="4.792" errors="0" timestamp="2025-09-22T23:04:38 IST" skipped="0">
  <testcase classname="tests.UserTests" name="createUser" time="4.199"/>
  <testcase classname="tests.UserTests" name="getUserDetails" time="0.593"/>
</testsuite> <!-- tests.UserTests -->
